<?xml version="1.0" encoding="UTF-8"?>
<!-- Generated by org.testng.reporters.JUnitXMLReporter -->
<testsuite ignored="2" hostname="TunaQA" failures="0" tests="0" time="0.009" errors="0" timestamp="2024-05-20T16:29:59 IST">
  <testcase classname="com.SixFlagsEvents.BaseTest" name="deletePasses" time="0.0">
    <ignored/>
  </testcase> <!-- deletePasses -->
  <testcase classname="com.SixFlagsEvents.BaseTest" name="invalidMediaNumberAndLastName" time="0.0">
    <ignored/>
  </testcase> <!-- invalidMediaNumberAndLastName -->
</testsuite>
